[20:58:01] [Server thread/INFO]: Starting minecraft server version 1.8.8
[20:58:01] [Server thread/INFO]: Loading properties
[20:58:01] [Server thread/INFO]: Default game type: SURVIVAL
[20:58:01] [Server thread/INFO]: This server is running CraftBukkit version git-PaperSpigot-445 (MC: 1.8.8) (Implementing API version 1.8.8-R0.1-SNAPSHOT)
[20:58:01] [Server thread/INFO]: Debug logging is disabled
[20:58:01] [Server thread/INFO]: Spigot Timings: true - Verbose: true - Interval: 5m - Length: 60m
[20:58:01] [Server thread/INFO]: Server Ping Player Sample Count: 12

[20:58:01] [Server thread/INFO]: Using 4 threads for Netty based IO
[20:58:01] [Server thread/INFO]: Data value allowed items: 
[20:58:01] [Server thread/WARN]: java.lang.NoSuchFieldException: modifiers

[20:58:01] [Server thread/WARN]: 	at java.base/java.lang.Class.getDeclaredField(Class.java:2782)

[20:58:01] [Server thread/WARN]: 	at org.github.paperspigot.PaperSpigotConfig.stackableBuckets(PaperSpigotConfig.java:192)

[20:58:01] [Server thread/WARN]: 	at java.base/jdk.internal.reflect.DirectMethodHandleAccessor.invoke(DirectMethodHandleAccessor.java:103)

[20:58:01] [Server thread/WARN]: 	at java.base/java.lang.reflect.Method.invoke(Method.java:580)

[20:58:01] [Server thread/WARN]: 	at org.github.paperspigot.PaperSpigotConfig.readConfig(PaperSpigotConfig.java:84)

[20:58:01] [Server thread/WARN]: 	at org.github.paperspigot.PaperSpigotConfig.init(PaperSpigotConfig.java:62)

[20:58:01] [Server thread/WARN]: 	at net.minecraft.server.v1_8_R3.DedicatedServer.init(DedicatedServer.java:181)

[20:58:01] [Server thread/WARN]: 	at net.minecraft.server.v1_8_R3.MinecraftServer.run(MinecraftServer.java:563)

[20:58:01] [Server thread/WARN]: 	at java.base/java.lang.Thread.run(Thread.java:1583)

[20:58:01] [Server thread/INFO]: Generating keypair
[20:58:02] [Server thread/INFO]: Starting Minecraft server on localhost:25565
[20:58:02] [Server thread/INFO]: Your platform does not provide complete low-level API for accessing direct buffers reliably. Unless explicitly requested, heap buffer will always be preferred to avoid potential system unstability.
[20:58:02] [Server thread/INFO]: Using default channel type
[20:58:02] [Server thread/ERROR]: Ambiguous plugin name `EaglerPluginInstaller' for files `plugins/EaglerPluginInstaller.jar' and `plugins/EaglerPluginInstaller-1.1.5.jar' in `plugins'
[20:58:02] [Server thread/ERROR]: Ambiguous plugin name `EaglerPluginInstaller' for files `plugins/EaglerPluginInstaller-1.1.5 (1).jar' and `plugins/EaglerPluginInstaller.jar' in `plugins'
[20:58:02] [Server thread/ERROR]: Could not load 'plugins/ViaRewind-4.0.0-SNAPSHOT.jar' in folder 'plugins'
org.bukkit.plugin.UnknownDependencyException: ViaVersion
	at org.bukkit.plugin.SimplePluginManager.loadPlugins(SimplePluginManager.java:222) ~[patched_1.8.8.jar:git-PaperSpigot-445]
	at org.bukkit.craftbukkit.v1_8_R3.CraftServer.loadPlugins(CraftServer.java:293) ~[patched_1.8.8.jar:git-PaperSpigot-445]
	at net.minecraft.server.v1_8_R3.DedicatedServer.init(DedicatedServer.java:202) ~[patched_1.8.8.jar:git-PaperSpigot-445]
	at net.minecraft.server.v1_8_R3.MinecraftServer.run(MinecraftServer.java:563) ~[patched_1.8.8.jar:git-PaperSpigot-445]
	at java.lang.Thread.run(Thread.java:1583) [?:?]
[20:58:02] [Server thread/INFO]: Set PluginClassLoader as parallel capable
[20:58:02] [Server thread/INFO]: [SimpleTpa] Loading SimpleTpa v6.4
[20:58:02] [Server thread/INFO]: [[EaglerPluginInstaller]] Loading EaglerPluginInstaller v1.1.4
[20:58:02] [Server thread/INFO]: [Citizens] Loading Citizens v2.0.27-SNAPSHOT (build 2205)
[20:58:02] [Server thread/INFO]: [WorldEdit] Loading WorldEdit v6.1;no_git_id
[20:58:02] [Server thread/INFO]: [AdminFun] Loading AdminFun v2.0.7
[20:58:02] [Server thread/INFO]: [CleanPing] Loading CleanPing v1.5.2
[20:58:02] [Server thread/INFO]: [LoginSecurity] Loading LoginSecurity v3.2.0
[20:58:02] [Server thread/INFO]: [ClearLag] Loading ClearLag v2.3.1
[20:58:02] [Server thread/INFO]: [SimpleHomes] Loading SimpleHomes v2.2
[20:58:02] [Server thread/INFO]: [[EaglerPluginUpdater]] Loading EaglerPluginUpdater v1.1.2
[20:58:02] [Server thread/INFO]: [HolographicDisplays] Loading HolographicDisplays v3.0.4
[20:58:02] [Server thread/INFO]: [LifeSteal] Loading LifeSteal v0.6
[20:58:02] [Server thread/INFO]: [Oneblock] Loading Oneblock v1.1.6f
[20:58:02] [Server thread/INFO]: [TModsServerAddons_Ranks] Loading TModsServerAddons_Ranks v1.14
[20:58:02] [Server thread/WARN]: **** SERVER IS RUNNING IN OFFLINE/INSECURE MODE!
[20:58:02] [Server thread/WARN]: The server will make no attempt to authenticate usernames. Beware.
[20:58:02] [Server thread/WARN]: Whilst this makes it possible to use BungeeCord, unless access to your server is properly restricted, it also opens up the ability for hackers to connect with any username they choose.
[20:58:02] [Server thread/WARN]: Please see http://www.spigotmc.org/wiki/firewall-guide/ for further information.
[20:58:02] [Server thread/WARN]: To change this, set "online-mode" to "true" in the server.properties file.
[20:58:02] [Server thread/INFO]: **** Beginning UUID conversion, this may take A LONG time ****
[20:58:02] [Server thread/INFO]: Preparing level "world"
[20:58:02] [Server thread/INFO]: -------- World Settings For [world] --------
[20:58:02] [Server thread/INFO]: Mob Spawn Range: 4
[20:58:02] [Server thread/INFO]: Anti X-Ray: true
[20:58:02] [Server thread/INFO]: 	Engine Mode: 1
[20:58:02] [Server thread/INFO]: 	Hidden Blocks: [14, 15, 16, 21, 48, 49, 54, 56, 73, 74, 82, 129, 130]
[20:58:02] [Server thread/INFO]: 	Replace Blocks: [1, 5]
[20:58:02] [Server thread/INFO]: Nerfing mobs spawned from spawners: false
[20:58:02] [Server thread/INFO]: Cactus Growth Modifier: 100%
[20:58:02] [Server thread/INFO]: Cane Growth Modifier: 100%
[20:58:02] [Server thread/INFO]: Melon Growth Modifier: 100%
[20:58:02] [Server thread/INFO]: Mushroom Growth Modifier: 100%
[20:58:02] [Server thread/INFO]: Pumpkin Growth Modifier: 100%
[20:58:02] [Server thread/INFO]: Sapling Growth Modifier: 100%
[20:58:02] [Server thread/INFO]: Wheat Growth Modifier: 100%
[20:58:02] [Server thread/INFO]: NetherWart Growth Modifier: 100%
[20:58:02] [Server thread/INFO]: Entity Activation Range: An 32 / Mo 32 / Mi 16
[20:58:02] [Server thread/INFO]: Entity Tracking Range: Pl 48 / An 48 / Mo 48 / Mi 32 / Other 64
[20:58:02] [Server thread/INFO]: Hopper Transfer: 8 Hopper Check: 8 Hopper Amount: 1
[20:58:02] [Server thread/INFO]: Random Lighting Updates: false
[20:58:02] [Server thread/INFO]: Structure Info Saving: true
[20:58:02] [Server thread/INFO]: Sending up to 10 chunks per packet
[20:58:02] [Server thread/INFO]: Max Entity Collisions: 8
[20:58:02] [Server thread/INFO]: Custom Map Seeds:  Village: 10387312 Feature: 14357617
[20:58:02] [Server thread/INFO]: Max TNT Explosions: 100
[20:58:02] [Server thread/INFO]: Tile Max Tick Time: 50ms Entity max Tick Time: 50ms
[20:58:02] [Server thread/INFO]: Item Despawn Rate: 6000
[20:58:02] [Server thread/INFO]: Item Merge Radius: 2.5
[20:58:02] [Server thread/INFO]: Arrow Despawn Rate: 1200
[20:58:02] [Server thread/INFO]: Allow Zombie Pigmen to spawn from portal blocks: true
[20:58:02] [Server thread/INFO]: View Distance: 4
[20:58:02] [Server thread/INFO]: Zombie Aggressive Towards Villager: true
[20:58:02] [Server thread/INFO]: Chunks to Grow per Tick: 650
[20:58:02] [Server thread/INFO]: Clear tick list: false
[20:58:02] [Server thread/INFO]: Experience Merge Radius: 3.0
[20:58:02] [Server thread/INFO]: -------- World Settings For [world] --------
[20:58:02] [Server thread/INFO]: Squids will spawn between Y: 45.0 and Y: 63.0
[20:58:02] [Server thread/INFO]: Max height for cactus growth 3. Max height for reed growth 3
[20:58:02] [Server thread/INFO]: Living Entity Despawn Ranges:  Soft: 32 Hard: 128
[20:58:02] [Server thread/INFO]: Player blocking damage multiplier set to 0.5
[20:58:02] [Server thread/INFO]: Remove invalid mob spawner tile entities: true
[20:58:02] [Server thread/INFO]: Water over lava flow speed: 5
[20:58:02] [Server thread/INFO]: Fix TNT cannons: false
[20:58:02] [Server thread/INFO]: Allow undead horse types to be leashed: false
[20:58:02] [Server thread/INFO]: Keep spawn chunk loaded: true
[20:58:02] [Server thread/INFO]: World async lighting: false
[20:58:02] [Server thread/INFO]: WorldServer TickNextTick cap set at 10000
[20:58:02] [Server thread/INFO]: WorldServer TickNextTickList cap always processes redstone: false
[20:58:02] [Server thread/INFO]: -------- World Settings For [world_nether] --------
[20:58:02] [Server thread/INFO]: Mob Spawn Range: 4
[20:58:02] [Server thread/INFO]: Anti X-Ray: true
[20:58:02] [Server thread/INFO]: 	Engine Mode: 1
[20:58:02] [Server thread/INFO]: 	Hidden Blocks: [14, 15, 16, 21, 48, 49, 54, 56, 73, 74, 82, 129, 130]
[20:58:02] [Server thread/INFO]: 	Replace Blocks: [1, 5]
[20:58:02] [Server thread/INFO]: Nerfing mobs spawned from spawners: false
[20:58:02] [Server thread/INFO]: Cactus Growth Modifier: 100%
[20:58:02] [Server thread/INFO]: Cane Growth Modifier: 100%
[20:58:02] [Server thread/INFO]: Melon Growth Modifier: 100%
[20:58:02] [Server thread/INFO]: Mushroom Growth Modifier: 100%
[20:58:02] [Server thread/INFO]: Pumpkin Growth Modifier: 100%
[20:58:02] [Server thread/INFO]: Sapling Growth Modifier: 100%
[20:58:02] [Server thread/INFO]: Wheat Growth Modifier: 100%
[20:58:02] [Server thread/INFO]: NetherWart Growth Modifier: 100%
[20:58:02] [Server thread/INFO]: Entity Activation Range: An 32 / Mo 32 / Mi 16
[20:58:02] [Server thread/INFO]: Entity Tracking Range: Pl 48 / An 48 / Mo 48 / Mi 32 / Other 64
[20:58:02] [Server thread/INFO]: Hopper Transfer: 8 Hopper Check: 8 Hopper Amount: 1
[20:58:02] [Server thread/INFO]: Random Lighting Updates: false
[20:58:02] [Server thread/INFO]: Structure Info Saving: true
[20:58:02] [Server thread/INFO]: Sending up to 10 chunks per packet
[20:58:02] [Server thread/INFO]: Max Entity Collisions: 8
[20:58:02] [Server thread/INFO]: Custom Map Seeds:  Village: 10387312 Feature: 14357617
[20:58:02] [Server thread/INFO]: Max TNT Explosions: 100
[20:58:02] [Server thread/INFO]: Tile Max Tick Time: 50ms Entity max Tick Time: 50ms
[20:58:02] [Server thread/INFO]: Item Despawn Rate: 6000
[20:58:02] [Server thread/INFO]: Item Merge Radius: 2.5
[20:58:02] [Server thread/INFO]: Arrow Despawn Rate: 1200
[20:58:02] [Server thread/INFO]: Allow Zombie Pigmen to spawn from portal blocks: true
[20:58:02] [Server thread/INFO]: View Distance: 4
[20:58:02] [Server thread/INFO]: Zombie Aggressive Towards Villager: true
[20:58:02] [Server thread/INFO]: Chunks to Grow per Tick: 650
[20:58:02] [Server thread/INFO]: Clear tick list: false
[20:58:02] [Server thread/INFO]: Experience Merge Radius: 3.0
[20:58:02] [Server thread/INFO]: -------- World Settings For [world_nether] --------
[20:58:02] [Server thread/INFO]: Squids will spawn between Y: 45.0 and Y: 63.0
[20:58:02] [Server thread/INFO]: Max height for cactus growth 3. Max height for reed growth 3
[20:58:02] [Server thread/INFO]: Living Entity Despawn Ranges:  Soft: 32 Hard: 128
[20:58:02] [Server thread/INFO]: Player blocking damage multiplier set to 0.5
[20:58:02] [Server thread/INFO]: Remove invalid mob spawner tile entities: true
[20:58:02] [Server thread/INFO]: Water over lava flow speed: 5
[20:58:02] [Server thread/INFO]: Fix TNT cannons: false
[20:58:02] [Server thread/INFO]: Allow undead horse types to be leashed: false
[20:58:02] [Server thread/INFO]: Keep spawn chunk loaded: true
[20:58:02] [Server thread/INFO]: World async lighting: false
[20:58:02] [Server thread/INFO]: WorldServer TickNextTick cap set at 10000
[20:58:02] [Server thread/INFO]: WorldServer TickNextTickList cap always processes redstone: false
[20:58:02] [Server thread/INFO]: -------- World Settings For [world_the_end] --------
[20:58:02] [Server thread/INFO]: Mob Spawn Range: 4
[20:58:02] [Server thread/INFO]: Anti X-Ray: true
[20:58:02] [Server thread/INFO]: 	Engine Mode: 1
[20:58:02] [Server thread/INFO]: 	Hidden Blocks: [14, 15, 16, 21, 48, 49, 54, 56, 73, 74, 82, 129, 130]
[20:58:02] [Server thread/INFO]: 	Replace Blocks: [1, 5]
[20:58:02] [Server thread/INFO]: Nerfing mobs spawned from spawners: false
[20:58:02] [Server thread/INFO]: Cactus Growth Modifier: 100%
[20:58:02] [Server thread/INFO]: Cane Growth Modifier: 100%
[20:58:02] [Server thread/INFO]: Melon Growth Modifier: 100%
[20:58:02] [Server thread/INFO]: Mushroom Growth Modifier: 100%
[20:58:02] [Server thread/INFO]: Pumpkin Growth Modifier: 100%
[20:58:02] [Server thread/INFO]: Sapling Growth Modifier: 100%
[20:58:02] [Server thread/INFO]: Wheat Growth Modifier: 100%
[20:58:02] [Server thread/INFO]: NetherWart Growth Modifier: 100%
[20:58:02] [Server thread/INFO]: Entity Activation Range: An 32 / Mo 32 / Mi 16
[20:58:02] [Server thread/INFO]: Entity Tracking Range: Pl 48 / An 48 / Mo 48 / Mi 32 / Other 64
[20:58:02] [Server thread/INFO]: Hopper Transfer: 8 Hopper Check: 8 Hopper Amount: 1
[20:58:02] [Server thread/INFO]: Random Lighting Updates: false
[20:58:02] [Server thread/INFO]: Structure Info Saving: true
[20:58:02] [Server thread/INFO]: Sending up to 10 chunks per packet
[20:58:02] [Server thread/INFO]: Max Entity Collisions: 8
[20:58:02] [Server thread/INFO]: Custom Map Seeds:  Village: 10387312 Feature: 14357617
[20:58:02] [Server thread/INFO]: Max TNT Explosions: 100
[20:58:02] [Server thread/INFO]: Tile Max Tick Time: 50ms Entity max Tick Time: 50ms
[20:58:02] [Server thread/INFO]: Item Despawn Rate: 6000
[20:58:02] [Server thread/INFO]: Item Merge Radius: 2.5
[20:58:02] [Server thread/INFO]: Arrow Despawn Rate: 1200
[20:58:02] [Server thread/INFO]: Allow Zombie Pigmen to spawn from portal blocks: true
[20:58:02] [Server thread/INFO]: View Distance: 4
[20:58:02] [Server thread/INFO]: Zombie Aggressive Towards Villager: true
[20:58:02] [Server thread/INFO]: Chunks to Grow per Tick: 650
[20:58:02] [Server thread/INFO]: Clear tick list: false
[20:58:02] [Server thread/INFO]: Experience Merge Radius: 3.0
[20:58:02] [Server thread/INFO]: -------- World Settings For [world_the_end] --------
[20:58:02] [Server thread/INFO]: Squids will spawn between Y: 45.0 and Y: 63.0
[20:58:02] [Server thread/INFO]: Max height for cactus growth 3. Max height for reed growth 3
[20:58:02] [Server thread/INFO]: Living Entity Despawn Ranges:  Soft: 32 Hard: 128
[20:58:02] [Server thread/INFO]: Player blocking damage multiplier set to 0.5
[20:58:02] [Server thread/INFO]: Remove invalid mob spawner tile entities: true
[20:58:02] [Server thread/INFO]: Water over lava flow speed: 5
[20:58:02] [Server thread/INFO]: Fix TNT cannons: false
[20:58:02] [Server thread/INFO]: Allow undead horse types to be leashed: false
[20:58:02] [Server thread/INFO]: Keep spawn chunk loaded: true
[20:58:02] [Server thread/INFO]: World async lighting: false
[20:58:02] [Server thread/INFO]: WorldServer TickNextTick cap set at 10000
[20:58:02] [Server thread/INFO]: WorldServer TickNextTickList cap always processes redstone: false
[20:58:02] [Server thread/INFO]: Preparing start region for level 0 (Seed: -4712130764457860158)
[20:58:03] [Server thread/INFO]: Preparing spawn area: 13%
[20:58:04] [Server thread/INFO]: Preparing spawn area: 52%
[20:58:05] [Server thread/INFO]: Preparing spawn area: 85%
[20:58:06] [Server thread/INFO]: Preparing start region for level 1 (Seed: -4712130764457860158)
[20:58:07] [Server thread/INFO]: Preparing start region for level 2 (Seed: -4712130764457860158)
[20:58:07] [Server thread/INFO]: [SimpleTpa] Enabling SimpleTpa v6.4
[20:58:07] [Server thread/INFO]: [0;33;1m[21m[SimpleTpa] If you need support contact me at https://discord.gg/SZUkza9[m

[20:58:07] [Server thread/INFO]: [0;33;1m[21m[SimpleTpa] Simple Tpa has been enabled on version 6.4[m

[20:58:07] [Server thread/INFO]: Enabled metrics. You may opt-out by changing plugins/bStats/config.yml
[20:58:07] [Server thread/INFO]: [[EaglerPluginInstaller]] Enabling EaglerPluginInstaller v1.1.4
[20:58:07] [Server thread/INFO]: Check 1 passed

[20:58:07] [Server thread/INFO]: Check 3 passed

[20:58:07] [Server thread/INFO]: --------------------------------------------[m

[20:58:07] [Server thread/INFO]: --------------------------------------------[m

[20:58:07] [Server thread/INFO]: [0;32;1m[EaglerPluginInstaller][0;36;1m EaglerPluginInstaller V1.1.5 is now Enabled! :D[m

[20:58:07] [Server thread/INFO]: To use PluginInstaller, run the command "/install <pluginname>" ("install <pluginname>" in console) to install a plugin[m

[20:58:07] [Server thread/INFO]: To get a list of installable plugins, use the command "/plist" or "plist" in console[m

[20:58:07] [Server thread/INFO]: You can request to add a new plugin to the database by going to https://github.com/darverdevs/PluginInstallerRepo/tree/main[m

[20:58:07] [Server thread/INFO]: and creating an issue or pull request of the plugin you want to add[m

[20:58:07] [Server thread/INFO]: --------------------------------------------[m

[20:58:07] [Server thread/INFO]: --------------------------------------------[m

[20:58:07] [Server thread/INFO]: [Citizens] Enabling Citizens v2.0.27-SNAPSHOT (build 2205)
[20:58:07] [Server thread/INFO]: [Citizens] Vault not found -> no economy handling.
[20:58:08] [Server thread/INFO]: [WorldEdit] Enabling WorldEdit v6.1;no_git_id
[20:58:08] [Server thread/INFO]: WEPIF: Using the Bukkit Permissions API.
[20:58:08] [Server thread/INFO]: [WorldEdit] Using com.sk89q.worldedit.bukkit.adapter.impl.Spigot_v1_8_R3 as the Bukkit adapter
[20:58:08] [Server thread/INFO]: [AdminFun] Enabling AdminFun v2.0.7
[20:58:08] [Server thread/INFO]: AdminFun v2.0.7 is now enabled.
[20:58:08] [Server thread/INFO]: [CleanPing] Enabling CleanPing v1.5.2
[20:58:08] [Server thread/INFO]: [CleanPing] 
   ___ _                 ___ _           
  / __| |___ __ _ _ _   | _ (_)_ _  __ _ 
 | (__| / -_) _` | ' \  |  _/ | ' \/ _` |
  \___|_\___\__,_|_||_| |_| |_|_||_\__, |
                                   |___/ 

[20:58:08] [Server thread/INFO]: [CleanPing] Server version: 1.8.8-R0.1-SNAPSHOT
[20:58:08] [Server thread/INFO]: [CleanPing] Loading configuration...
[20:58:08] [Server thread/INFO]: [CleanPing] Loading commands for legacy versions...
[20:58:08] [Server thread/INFO]: [CleanPing] Metrics loaded successfully!
[20:58:08] [Server thread/INFO]: [CleanPing] Plugin successfully loaded!
[20:58:08] [Server thread/INFO]: [LoginSecurity] Enabling LoginSecurity v3.2.0
[20:58:08] [Server thread/INFO]: [LoginSecurity] Loading base translations from "en_us"
[20:58:08] [Server thread/INFO]: [LoginSecurity] Loading specified translations from "en_us"
[20:58:08] [Server thread/INFO]: [LoginSecurity] Registering commands...
[20:58:08] [Server thread/INFO]: [LoginSecurity] Registering listeners...
[20:58:08] [Server thread/INFO]: [ClearLag] Enabling ClearLag v2.3.1
[20:58:08] [Server thread/INFO]: [ClearLag] Checking for a new update...
[20:58:08] [Thread-7/WARN]: [ClearLag] Could not reach dev.bukkit.org for update checking. Is it offline?
[20:58:08] [Server thread/INFO]: [ClearLag] Update found! Downloading...
[20:58:08] [Server thread/INFO]: [ClearLag] New clearlag will be enabled on restart!
[20:58:08] [Server thread/INFO]: [ClearLag] ClearLag is now enabled.
[20:58:08] [Server thread/INFO]: [SimpleHomes] Enabling SimpleHomes v2.2
[20:58:08] [Server thread/INFO]: [[EaglerPluginUpdater]] Enabling EaglerPluginUpdater v1.1.2
[20:58:08] [Server thread/INFO]: [[EaglerPluginInstaller]] Disabling EaglerPluginInstaller v1.1.4
[20:58:08] [Server thread/INFO]: --------------------------------------------[m

[20:58:08] [Server thread/INFO]: --------------------------------------------[m

[20:58:08] [Server thread/INFO]: [0;32;1m[EaglerPluginInstaller][0;36;1m PluginInstaller V1.1.5 is now Disabled! D:[m

[20:58:08] [Server thread/INFO]: --------------------------------------------[m

[20:58:08] [Server thread/INFO]: --------------------------------------------[m

[20:58:08] [Server thread/INFO]: [[EaglerPluginInstaller]] Enabling EaglerPluginInstaller v1.1.4
[20:58:08] [Server thread/INFO]: Check 1 passed

[20:58:08] [Server thread/INFO]: Check 3 passed

[20:58:08] [Server thread/INFO]: --------------------------------------------[m

[20:58:08] [Server thread/INFO]: --------------------------------------------[m

[20:58:08] [Server thread/INFO]: [0;32;1m[EaglerPluginInstaller][0;36;1m EaglerPluginInstaller V1.1.5 is now Enabled! :D[m

[20:58:08] [Server thread/INFO]: To use PluginInstaller, run the command "/install <pluginname>" ("install <pluginname>" in console) to install a plugin[m

[20:58:08] [Server thread/INFO]: To get a list of installable plugins, use the command "/plist" or "plist" in console[m

[20:58:08] [Server thread/INFO]: You can request to add a new plugin to the database by going to https://github.com/darverdevs/PluginInstallerRepo/tree/main[m

[20:58:08] [Server thread/INFO]: and creating an issue or pull request of the plugin you want to add[m

[20:58:08] [Server thread/INFO]: --------------------------------------------[m

[20:58:08] [Server thread/INFO]: --------------------------------------------[m

[20:58:08] [Server thread/INFO]: --------------------------------------------[m

[20:58:08] [Server thread/INFO]: --------------------------------------------[m

[20:58:08] [Server thread/INFO]: [0;32;1m[EaglerPluginUpdater][0;36;1m EaglerPluginUpdater V1.1.2 is now Enabled! :D[m

[20:58:08] [Server thread/INFO]: You do not need to do anything, this plugin will automatically update your PluginUpdater on startup[m

[20:58:08] [Server thread/INFO]: --------------------------------------------[m

[20:58:08] [Server thread/INFO]: --------------------------------------------[m

[20:58:08] [Server thread/INFO]: [HolographicDisplays] Enabling HolographicDisplays v3.0.4
[20:58:08] [Server thread/INFO]: [LifeSteal] Enabling LifeSteal v0.6
[20:58:08] [Server thread/INFO]: [LifeSteal] LifeSteal messages has enabled!
[20:58:08] [Server thread/INFO]: [LifeSteal] The LifeSteal rate:20
[20:58:08] [Server thread/INFO]: [LifeSteal] HungerSteal has enabled!
[20:58:08] [Server thread/INFO]: [LifeSteal] HungerSteal messages has enabled!
[20:58:08] [Server thread/INFO]: [LifeSteal] The HungerSteal rate:20
[20:58:08] [Server thread/INFO]: [LifeSteal] Sucessfully starting!
[20:58:08] [Server thread/INFO]: [Oneblock] Enabling Oneblock v1.1.6f
[20:58:08] [Server thread/INFO]: [Oneblock] 
┏━┓····┏━━┓·····┏┓
┃┃┣━┳┳━┫┏┓┣┓┏━┳━┫┣┓
┃┃┃┃┃┃┻┫┏┓┃┗┫╋┃━┫━┫
┗━┻┻━┻━┻━━┻━┻━┻━┻┻┛ by MrMarL
[20:58:09] [Server thread/INFO]: [TModsServerAddons_Ranks] Enabling TModsServerAddons_Ranks v1.14
[20:58:09] [Server thread/INFO]: Server permissions file permissions.yml is empty, ignoring it
[20:58:09] [Server thread/INFO]: Done (6.656s)! For help, type "help" or "?"
[20:58:09] [Server thread/INFO]: Timings Reset
[20:58:09] [Craft Scheduler Thread - 0/INFO]: [0;31;1m[21m[SimpleTpa] There is a new update available.[m

[20:58:09] [Craft Scheduler Thread - 0/INFO]: [0;31;1m[SimpleTpa] There is a new update available:[m

[20:58:09] [Craft Scheduler Thread - 0/INFO]: [0;31;1m[SimpleTpa] https://www.spigotmc.org/resources/simple-tpa.64270/[m

[20:58:09] [Server thread/INFO]: [Citizens] Loaded 2 NPCs.
[20:58:56] [Thread-8/INFO]: UUID of player illuminate1551 is aaaf059a-d2a8-39d4-88a6-3e667fc200f3
[20:58:56] [Server thread/INFO]: illuminate1551[/[0:0:0:0:0:0:0:1]:52426] logged in with entity id 1128 at ([world]480.5, 75.2013, 48.5)
[20:59:07] [Server thread/INFO]: illuminate1551 issued server command: /npc list
[20:59:24] [Async Chat Thread - #0/INFO]: [0;33;22m[[0;33;1mBuilder[0;33;22m] illuminate1551[0;37;1m: wheres One Block[m

[21:00:33] [Async Chat Thread - #1/INFO]: [0;33;22m[[0;33;1mBuilder[0;33;22m] illuminate1551[0;37;1m: 530 76 48[m

[21:01:07] [Server thread/INFO]: illuminate1551 issued server command: /fiil 530 75 48 542 75 98 grass_block
[21:01:13] [Thread-9/INFO]: UUID of player ButterDog1498_ is 6a9be0f5-59d7-393c-9f76-e8cedcf93bdf
[21:01:14] [Server thread/INFO]: ButterDog1498_[/[0:0:0:0:0:0:0:1]:44082] logged in with entity id 1249 at ([world]980.5, 75.2013, 48.5)
[21:01:20] [Server thread/INFO]: illuminate1551 issued server command: /fill 530 75 48 542 75 98 grass
[21:01:20] [Server thread/INFO]: [illuminate1551: 600 blocks filled]
[21:01:22] [Async Chat Thread - #1/INFO]: [0;33;22m[[0;33;1mBuilder[0;33;22m] illuminate1551[0;37;1m: tanner[m

[21:01:38] [Server thread/INFO]: illuminate1551 issued server command: /sethome home
[21:01:44] [Server thread/INFO]: illuminate1551 issued server command: /tp @p ButterDog1498_
[21:01:44] [Server thread/INFO]: [illuminate1551: Teleported illuminate1551 to ButterDog1498_]
[21:01:49] [Server thread/INFO]: illuminate1551 issued server command: /home home
[21:01:54] [Server thread/INFO]: illuminate1551 issued server command: /home
[21:02:02] [Server thread/INFO]: illuminate1551 issued server command: /tp ButterDog1498_ illuminate1551
[21:02:02] [Server thread/INFO]: [illuminate1551: Teleported ButterDog1498_ to illuminate1551]
[21:02:20] [Async Chat Thread - #1/INFO]: [0;33;22m[[0;33;1mBuilder[0;33;22m] illuminate1551[0;37;1m: u just gonna have to play[m

[21:04:03] [Server thread/INFO]: illuminate1551 issued server command: /weather clear
[21:04:03] [Server thread/INFO]: [illuminate1551: Changing to clear weather]
[21:05:42] [Async Chat Thread - #2/INFO]: [0;33;22m[[0;33;1mBuilder[0;33;22m] illuminate1551[0;37;1m: dude i know ur playing with me[m

[21:06:01] [Async Chat Thread - #2/INFO]: [Guest] ButterDog1498_: thi haydyn[m

[21:06:18] [Async Chat Thread - #2/INFO]: [0;33;22m[[0;33;1mBuilder[0;33;22m] illuminate1551[0;37;1m: u also have to cap a name[m

[21:06:22] [Async Chat Thread - #2/INFO]: [Guest] ButterDog1498_: Hi Haydyn[m

[21:06:26] [Async Chat Thread - #2/INFO]: [0;33;22m[[0;33;1mBuilder[0;33;22m] illuminate1551[0;37;1m: like that[m

[21:06:35] [Server thread/INFO]: ButterDog1498_ tried to swim in lava
[21:06:36] [Async Chat Thread - #2/INFO]: [0;33;22m[[0;33;1mBuilder[0;33;22m] illuminate1551[0;37;1m: womp womp[m

[21:06:43] [Server thread/INFO]: illuminate1551 issued server command: /tp ButterDog1498_ @p
[21:06:43] [Server thread/INFO]: [illuminate1551: Teleported ButterDog1498_ to illuminate1551]
[21:07:22] [Server thread/INFO]: ButterDog1498_ lost connection: Disconnected
[21:07:22] [Server thread/INFO]: ButterDog1498_ left the game.
[21:11:04] [Server thread/INFO]: illuminate1551 issued server command: /clear
[21:11:04] [Server thread/INFO]: [illuminate1551: Cleared the inventory of illuminate1551, removing 7 items]
[21:11:26] [Server thread/INFO]: illuminate1551 issued server command: /npc delete &1One Block
[21:11:33] [Server thread/INFO]: illuminate1551 issued server command: /npc delete
[21:11:50] [Server thread/INFO]: illuminate1551 issued server command: /npc remove &1One Block
[21:11:55] [Server thread/INFO]: illuminate1551 issued server command: /npc remove
[21:12:02] [Server thread/INFO]: illuminate1551 issued server command: /npc remove 1
[21:12:33] [Server thread/INFO]: illuminate1551 issued server command: /npc create &1One Block
[21:12:43] [Server thread/INFO]: illuminate1551 issued server command: /npc remove 3
[21:12:57] [Server thread/INFO]: illuminate1551 issued server command: /tp @p 515 80 94
[21:12:57] [Server thread/INFO]: [illuminate1551: Teleported illuminate1551 to 515.5, 80.0, 94.5]
[21:13:07] [Server thread/INFO]: illuminate1551 issued server command: /npc create &1One Block
[21:13:12] [Server thread/INFO]: illuminate1551 issued server command: /npc select 4
[21:13:17] [Server thread/INFO]: illuminate1551 issued server command: /npc lookclose
[21:13:21] [Async Chat Thread - #3/INFO]: [0;33;22m[[0;33;1mBuilder[0;33;22m] illuminate1551[0;37;1m: hello[m

[21:13:39] [Server thread/INFO]: illuminate1551 issued server command: /gamemode s
[21:13:39] [Server thread/INFO]: [illuminate1551: Set own game mode to Survival Mode]
[21:13:43] [Server thread/INFO]: illuminate1551 issued server command: /gamemode c
[21:13:43] [Server thread/INFO]: [illuminate1551: Set own game mode to Creative Mode]
[21:14:07] [Server thread/INFO]: illuminate1551 issued server command: /tp @p 534 80 75
[21:14:07] [Server thread/INFO]: [illuminate1551: Teleported illuminate1551 to 534.5, 80.0, 75.5]
[21:14:15] [Server thread/INFO]: illuminate1551 issued server command: /npc create &1Lifesteal
[21:14:25] [Server thread/INFO]: illuminate1551 issued server command: /npc select &1Lifesteal
[21:14:30] [Server thread/INFO]: illuminate1551 issued server command: /npc select 5
[21:14:37] [Server thread/INFO]: illuminate1551 issued server command: /npc lookclose
[21:16:14] [Server thread/INFO]: illuminate1551 issued server command: /setworldspawn 515 81 75
[21:16:14] [Server thread/INFO]: [illuminate1551: Set the world spawn point to (515, 81, 75)]
[21:16:25] [Server thread/INFO]: illuminate1551 issued server command: /clear
[21:16:25] [Server thread/INFO]: [illuminate1551: Cleared the inventory of illuminate1551, removing 3 items]
[21:18:46] [Server thread/INFO]: illuminate1551 issued server command: /hologram create jiujitsu &6[&eBuilder&6] Illuminate1551 &fhas a jiu-jitsu tournament on Saturday
[21:18:58] [Thread-11/INFO]: UUID of player EB_for_jesus is da3c130e-32ed-3e3b-9ee1-1e40e6ba7b4a
[21:18:58] [Server thread/INFO]: EB_for_jesus[/[0:0:0:0:0:0:0:1]:37652] logged in with entity id 1874 at ([world]2480.5, 75.2013, 48.5)
[21:19:33] [Server thread/INFO]: EB_for_jesus lost connection: Disconnected
[21:19:33] [Server thread/INFO]: EB_for_jesus left the game.
[21:19:35] [Server thread/INFO]: illuminate1551 issued server command: /hologram addLine jiujitsu June 1st, 2024, he has 3 people in both GI and No-GI bracket. Good Luck!
[21:21:19] [Server thread/INFO]: illuminate1551 issued server command: /hologram addLine jiujitsu &6[&eBuilder&6] Illuminate1551 &fwont be on for all of saturday
[21:24:55] [Server thread/INFO]: [0;33;22m[0;31;22m[ClearLag] [0;31;1mWarning Ground items will be removed in one minute![m

[21:28:54] [Server thread/INFO]: illuminate1551 issued server command: /tp @p 496 80 75
[21:28:54] [Server thread/INFO]: [illuminate1551: Teleported illuminate1551 to 496.5, 80.0, 75.5]
[21:29:06] [Server thread/INFO]: illuminate1551 issued server command: /npc create &1Survival
[21:29:11] [Server thread/INFO]: illuminate1551 issued server command: /npc select 6
[21:29:15] [Server thread/INFO]: illuminate1551 issued server command: /npc lookclose
[21:29:18] [Server thread/INFO]: [0;33;22m[0;33;22m[ClearLag] [0;32;1mRemoved 4 Entities![m

[21:35:00] [Server thread/INFO]: illuminate1551 issued server command: /tp @p 515 80 57
[21:35:00] [Server thread/INFO]: [illuminate1551: Teleported illuminate1551 to 515.5, 80.0, 57.5]
[21:35:08] [Server thread/INFO]: illuminate1551 issued server command: /tp @p 515 80 58
[21:35:08] [Server thread/INFO]: [illuminate1551: Teleported illuminate1551 to 515.5, 80.0, 58.5]
[21:35:16] [Server thread/INFO]: illuminate1551 issued server command: /tp @p 515 80 56
[21:35:16] [Server thread/INFO]: [illuminate1551: Teleported illuminate1551 to 515.5, 80.0, 56.5]
[21:35:26] [Server thread/INFO]: illuminate1551 issued server command: /npc create &1Server Info
[21:35:32] [Server thread/INFO]: illuminate1551 issued server command: /npc select 7
[21:35:36] [Server thread/INFO]: illuminate1551 issued server command: /npc lookclose
[21:39:09] [Async Chat Thread - #4/INFO]: [0;33;22m[[0;33;1mBuilder[0;33;22m] illuminate1551[0;37;1m: 498 76 69[m

[21:39:23] [Server thread/INFO]: illuminate1551 issued server command: /fill 498 76 69 496 76 68 lava
[21:39:23] [Server thread/INFO]: [illuminate1551: 1 blocks filled]
[21:42:41] [Server thread/INFO]: illuminate1551 issued server command: /hologram addLine jiujitsu To get rid of this type /hologram delete jiujitsu
[21:48:03] [Server thread/INFO]: illuminate1551 issued server command: /clear
[21:48:03] [Server thread/INFO]: [illuminate1551: Cleared the inventory of illuminate1551, removing 8 items]
[21:53:15] [Server thread/INFO]: illuminate1551 issued server command: /clear
[21:53:15] [Server thread/INFO]: [illuminate1551: Cleared the inventory of illuminate1551, removing 4 items]
[21:54:02] [Server thread/INFO]: [0;33;22m[0;31;22m[ClearLag] [0;31;1mWarning Ground items will be removed in one minute![m

[21:57:21] [Server thread/INFO]: [0;33;22m[0;33;22m[ClearLag] [0;32;1mRemoved 0 Entities![m

[21:58:27] [Server thread/INFO]: illuminate1551 issued server command: //
[21:58:38] [Server thread/INFO]: illuminate1551 issued server command: //copy
[21:59:13] [Server thread/INFO]: illuminate1551 issued server command: //paste
[21:59:21] [Server thread/INFO]: illuminate1551 issued server command: //undo
[21:59:31] [Server thread/INFO]: illuminate1551 issued server command: //paste
[21:59:37] [Server thread/INFO]: illuminate1551 issued server command: //undo
[21:59:56] [Server thread/INFO]: illuminate1551 issued server command: //paste
[22:00:02] [Server thread/INFO]: illuminate1551 issued server command: //undo
[22:00:07] [Server thread/INFO]: illuminate1551 issued server command: //copy
[22:00:10] [Server thread/INFO]: illuminate1551 issued server command: //paste
[22:00:29] [Async Chat Thread - #5/INFO]: [0;33;22m[[0;33;1mBuilder[0;33;22m] illuminate1551[0;37;1m: 509 79 96[m

[22:00:40] [Server thread/INFO]: illuminate1551 issued server command: /clone
[22:00:55] [Async Chat Thread - #5/INFO]: [0;33;22m[[0;33;1mBuilder[0;33;22m] illuminate1551[0;37;1m: 511 99 98[m

[22:01:33] [Server thread/INFO]: illuminate1551 issued server command: /clone 509 80 96 511 99 98 ~ ~ ~ masked
[22:01:33] [Server thread/INFO]: [illuminate1551: 147 blocks cloned]
[22:02:21] [Server thread/INFO]: illuminate1551 issued server command: /clone 509 80 96 511 99 98 ~ ~ ~ masked
[22:02:21] [Server thread/INFO]: [illuminate1551: 147 blocks cloned]
[22:04:08] [Server thread/INFO]: illuminate1551 issued server command: //set air
[22:04:23] [Server thread/INFO]: illuminate1551 issued server command: //set air
[22:04:42] [Server thread/INFO]: illuminate1551 issued server command: /clone 509 79 96 511 99 98 ~ ~ ~ masked
[22:04:42] [Server thread/INFO]: [illuminate1551: 156 blocks cloned]
[22:05:00] [Server thread/INFO]: illuminate1551 issued server command: /clone 509 80 96 511 99 98 ~ ~ ~ masked
[22:05:00] [Server thread/INFO]: [illuminate1551: 147 blocks cloned]
[22:05:15] [Server thread/INFO]: illuminate1551 issued server command: //set air
[22:05:21] [Server thread/INFO]: illuminate1551 issued server command: /clone 509 80 96 511 99 98 ~ ~ ~ masked
[22:05:21] [Server thread/INFO]: [illuminate1551: 147 blocks cloned]
[22:05:28] [Server thread/INFO]: illuminate1551 issued server command: /clone 509 80 96 511 99 98 ~ ~ ~ masked
[22:05:28] [Server thread/INFO]: [illuminate1551: 147 blocks cloned]
[22:05:39] [Server thread/INFO]: illuminate1551 issued server command: /clone 509 80 96 511 99 98 ~ ~ ~ masked
[22:05:39] [Server thread/INFO]: [illuminate1551: 147 blocks cloned]
[22:05:45] [Server thread/INFO]: illuminate1551 issued server command: /clone 509 80 96 511 99 98 ~ ~ ~ masked
[22:05:45] [Server thread/INFO]: [illuminate1551: 147 blocks cloned]
[22:06:02] [Server thread/INFO]: illuminate1551 issued server command: /clone 509 80 96 511 99 98 ~ ~ ~ masked
[22:06:02] [Server thread/INFO]: [illuminate1551: 147 blocks cloned]
[22:06:46] [Server thread/INFO]: illuminate1551 issued server command: /clone 509 80 96 511 99 98 ~ ~ ~ masked
[22:06:46] [Server thread/INFO]: [illuminate1551: 147 blocks cloned]
[22:07:06] [Server thread/INFO]: illuminate1551 issued server command: /clone 509 80 96 511 99 98 ~ ~ ~ masked
[22:07:06] [Server thread/INFO]: [illuminate1551: 147 blocks cloned]
[22:07:36] [Server thread/INFO]: illuminate1551 issued server command: /clone 509 79 96 511 99 98 ~ ~ ~ masked
[22:07:36] [Server thread/INFO]: [illuminate1551: 156 blocks cloned]
[22:07:42] [Server thread/INFO]: illuminate1551 issued server command: /clone 509 79 96 511 99 98 ~ ~ ~ masked
[22:07:42] [Server thread/INFO]: [illuminate1551: 156 blocks cloned]
[22:07:54] [Server thread/INFO]: illuminate1551 issued server command: /clone 509 79 96 511 99 98 ~ ~ ~ masked
[22:07:54] [Server thread/INFO]: [illuminate1551: 156 blocks cloned]
[22:08:06] [Server thread/INFO]: illuminate1551 issued server command: /clone 509 79 96 511 99 98 ~ ~ ~ masked
[22:08:06] [Server thread/INFO]: [illuminate1551: 156 blocks cloned]
[22:08:19] [Server thread/INFO]: illuminate1551 issued server command: //set air
[22:08:24] [Server thread/INFO]: illuminate1551 issued server command: /clone 509 79 96 511 99 98 ~ ~ ~ masked
[22:08:24] [Server thread/INFO]: [illuminate1551: 156 blocks cloned]
[22:08:38] [Server thread/INFO]: illuminate1551 issued server command: /clone 509 79 96 511 99 98 ~ ~ ~ masked
[22:08:38] [Server thread/INFO]: [illuminate1551: 156 blocks cloned]
[22:09:02] [Server thread/INFO]: illuminate1551 issued server command: //set air
[22:09:11] [Server thread/INFO]: illuminate1551 issued server command: /clone 509 79 96 511 99 98 ~ ~ ~ masked
[22:09:11] [Server thread/INFO]: [illuminate1551: 156 blocks cloned]
[22:09:22] [Server thread/INFO]: illuminate1551 issued server command: /clone 509 79 96 511 99 98 ~ ~ ~ masked
[22:09:22] [Server thread/INFO]: [illuminate1551: 156 blocks cloned]
[22:09:35] [Server thread/INFO]: illuminate1551 issued server command: //set air
[22:09:40] [Server thread/INFO]: illuminate1551 issued server command: /clone 509 79 96 511 99 98 ~ ~ ~ masked
[22:09:40] [Server thread/INFO]: [illuminate1551: 156 blocks cloned]
[22:10:12] [Server thread/INFO]: illuminate1551 issued server command: //set stone_brick
[22:10:24] [Server thread/INFO]: illuminate1551 issued server command: //set stone_brick
[22:10:36] [Server thread/INFO]: illuminate1551 issued server command: //set stone_brick
[22:10:48] [Server thread/INFO]: illuminate1551 issued server command: //set stone_brick
[22:18:22] [Server thread/INFO]: illuminate1551 issued server command: /save-all
[22:18:22] [Server thread/INFO]: [illuminate1551: Saved the world]
[22:22:26] [Server thread/INFO]: illuminate1551 issued server command: /weather clear
[22:22:26] [Server thread/INFO]: [illuminate1551: Changing to clear weather]
[22:22:59] [Server thread/INFO]: [0;33;22m[0;31;22m[ClearLag] [0;31;1mWarning Ground items will be removed in one minute![m

[22:26:44] [Server thread/INFO]: illuminate1551 issued server command: //set spruce_fence
[22:27:10] [Server thread/INFO]: illuminate1551 issued server command: //set stone_brick
[22:27:19] [Server thread/INFO]: illuminate1551 issued server command: //set stone_brick
[22:27:28] [Server thread/INFO]: [0;33;22m[0;33;22m[ClearLag] [0;32;1mRemoved 0 Entities![m

[22:27:31] [Server thread/INFO]: illuminate1551 issued server command: //set cobblestone_wall
[22:28:26] [Server thread/INFO]: illuminate1551 issued server command: //set cobblestone_wall
[22:28:40] [Server thread/INFO]: illuminate1551 issued server command: /clear
[22:28:40] [Server thread/INFO]: [illuminate1551: Cleared the inventory of illuminate1551, removing 10 items]
[22:29:11] [Server thread/INFO]: illuminate1551 issued server command: //set cobblestone_wall
[22:29:31] [Server thread/INFO]: illuminate1551 issued server command: //set cobblestone_wall
[22:29:53] [Server thread/INFO]: illuminate1551 issued server command: //set stone_brick
[22:30:16] [Server thread/INFO]: illuminate1551 issued server command: //set air
[22:30:20] [Server thread/INFO]: illuminate1551 issued server command: //undo
[22:30:36] [Server thread/INFO]: illuminate1551 issued server command: //set air
[22:31:08] [Server thread/INFO]: illuminate1551 issued server command: //set air
[22:31:28] [Server thread/INFO]: illuminate1551 issued server command: //set air
[22:32:06] [Server thread/INFO]: illuminate1551 issued server command: //set stone_brick
[22:32:22] [Server thread/INFO]: illuminate1551 issued server command: //set air
[22:32:36] [Server thread/INFO]: illuminate1551 issued server command: //set air
[22:33:11] [Server thread/INFO]: illuminate1551 issued server command: //set stone_brick
[22:33:31] [Server thread/INFO]: illuminate1551 issued server command: //set stone_brick
[22:33:44] [Server thread/INFO]: illuminate1551 issued server command: //set stone_brick
[22:35:10] [Server thread/INFO]: illuminate1551 issued server command: /clear
[22:35:10] [Server thread/INFO]: [illuminate1551: Cleared the inventory of illuminate1551, removing 2 items]
[22:35:57] [Server thread/INFO]: illuminate1551 issued server command: /save-all
[22:35:57] [Server thread/INFO]: [illuminate1551: Saved the world]
[22:38:20] [Server thread/INFO]: Saving...
[22:38:20] [Server thread/INFO]: Saved the world
[22:38:22] [Server thread/INFO]: Startup script './start.sh' does not exist! Stopping server.

[22:38:22] [Thread-2/INFO]: Stopping server
